<?xml version="1.0" encoding="UTF-8"?>
<testsuites name="jest tests" tests="6" failures="0" time="0.727">
  <testsuite name="confirm phone number input handler using (en-ke)" errors="0" failures="0" skipped="0" timestamp="2020-09-21T05:01:41" time="0.668" tests="6">
    <testcase classname="confirm phone number input handler using (en-ke) should prompt for first name once the user chooses 1 --en-ke" name="confirm phone number input handler using (en-ke) should prompt for first name once the user chooses 1 --en-ke" time="0.04">
    </testcase>
    <testcase classname="confirm phone number input handler using (en-ke) should prompt for the phone number once the user chooses 2 --en-ke" name="confirm phone number input handler using (en-ke) should prompt for the phone number once the user chooses 2 --en-ke" time="0.008">
    </testcase>
    <testcase classname="confirm phone number input handler using (en-ke) should reprompt for the phone number confirmation once the user chooses otherwise --en-ke" name="confirm phone number input handler using (en-ke) should reprompt for the phone number confirmation once the user chooses otherwise --en-ke" time="0.001">
    </testcase>
    <testcase classname="confirm phone number input handler using (sw) should prompt for first name once the user chooses 1 --sw" name="confirm phone number input handler using (sw) should prompt for first name once the user chooses 1 --sw" time="0.001">
    </testcase>
    <testcase classname="confirm phone number input handler using (sw) should prompt for the phone number once the user chooses 2 --sw" name="confirm phone number input handler using (sw) should prompt for the phone number once the user chooses 2 --sw" time="0.001">
    </testcase>
    <testcase classname="confirm phone number input handler using (sw) should reprompt for the phone number confirmation once the user chooses otherwise --sw" name="confirm phone number input handler using (sw) should reprompt for the phone number confirmation once the user chooses otherwise --sw" time="0.001">
    </testcase>
  </testsuite>
</testsuites>