<?xml version="1.0" encoding="UTF-8"?>
<testsuites name="jest tests" tests="6" failures="0" time="3.45">
  <testsuite name="duka client entry using (en-ke)" errors="0" failures="0" skipped="0" timestamp="2020-09-22T14:18:30" time="0.932" tests="4">
    <testcase classname="duka client entry using (en-ke) start the application" name="duka client entry using (en-ke) start the application" time="0.006">
    </testcase>
    <testcase classname="duka client entry using (en-ke) should register all input handlers" name="duka client entry using (en-ke) should register all input handlers" time="0.001">
    </testcase>
    <testcase classname="duka client entry using (sw) start the application" name="duka client entry using (sw) start the application" time="0">
    </testcase>
    <testcase classname="duka client entry using (sw) should register all input handlers" name="duka client entry using (sw) should register all input handlers" time="0.001">
    </testcase>
  </testsuite>
  <testsuite name="main menu input handler" errors="0" failures="0" skipped="0" timestamp="2020-09-22T14:18:30" time="1.406" tests="2">
    <testcase classname="main menu input handler should reprompt for choosing a service once the user chooses a wrong option" name="main menu input handler should reprompt for choosing a service once the user chooses a wrong option" time="0.004">
    </testcase>
    <testcase classname="main menu input handler should start the registration once the user chooses 1" name="main menu input handler should start the registration once the user chooses 1" time="0">
    </testcase>
  </testsuite>
</testsuites>