<?xml version="1.0" encoding="UTF-8"?>
<testsuites name="jest tests" tests="4" failures="0" time="2.815">
  <testsuite name="duka client Registration using (en-ke)" errors="0" failures="0" skipped="0" timestamp="2020-09-22T13:32:29" time="1.144" tests="4">
    <testcase classname="duka client Registration using (en-ke) should register all the registration input handlers --en-ke" name="duka client Registration using (en-ke) should register all the registration input handlers --en-ke" time="0.009">
    </testcase>
    <testcase classname="duka client Registration using (en-ke) should prompt the user for the account number on start --en-ke" name="duka client Registration using (en-ke) should prompt the user for the account number on start --en-ke" time="0.001">
    </testcase>
    <testcase classname="duka client Registration using (sw) should register all the registration input handlers --sw" name="duka client Registration using (sw) should register all the registration input handlers --sw" time="0.004">
    </testcase>
    <testcase classname="duka client Registration using (sw) should prompt the user for the account number on start --sw" name="duka client Registration using (sw) should prompt the user for the account number on start --sw" time="0.001">
    </testcase>
  </testsuite>
</testsuites>