<?xml version="1.0" encoding="UTF-8"?>
<testsuites name="jest tests" tests="2" failures="0" time="2.986">
  <testsuite name="Maize recommendation using (en-ke)" errors="0" failures="0" skipped="0" timestamp="2020-09-24T06:54:32" time="1.158" tests="2">
    <testcase classname="Maize recommendation using (en-ke) should send the welcome message and prompt for a district" name="Maize recommendation using (en-ke) should send the welcome message and prompt for a district" time="0.01">
    </testcase>
    <testcase classname="Maize recommendation using (sw) should send the welcome message and prompt for a district" name="Maize recommendation using (sw) should send the welcome message and prompt for a district" time="0.004">
    </testcase>
  </testsuite>
</testsuites>