<?xml version="1.0" encoding="UTF-8"?>
<testsuites name="jest tests" tests="4" failures="0" time="0.798">
  <testsuite name="duka client entry using (en-ke)" errors="0" failures="0" skipped="0" timestamp="2020-09-23T04:56:22" time="0.758" tests="4">
    <testcase classname="duka client entry using (en-ke) start the application" name="duka client entry using (en-ke) start the application" time="0.006">
    </testcase>
    <testcase classname="duka client entry using (en-ke) should register all input handlers" name="duka client entry using (en-ke) should register all input handlers" time="0.002">
    </testcase>
    <testcase classname="duka client entry using (sw) start the application" name="duka client entry using (sw) start the application" time="0.001">
    </testcase>
    <testcase classname="duka client entry using (sw) should register all input handlers" name="duka client entry using (sw) should register all input handlers" time="0.004">
    </testcase>
  </testsuite>
</testsuites>