<?xml version="1.0" encoding="UTF-8"?>
<testsuites name="jest tests" tests="2" failures="0" time="2.849">
  <testsuite name="Check credit officer" errors="0" failures="0" skipped="0" timestamp="2020-09-09T07:57:28" time="1.18" tests="2">
    <testcase classname="Check credit officer should return false once the user is not in the lookup table" name="Check credit officer should return false once the user is not in the lookup table" time="0.005">
    </testcase>
    <testcase classname="Check credit officer should return false once the user is not in the lookup table" name="Check credit officer should return false once the user is not in the lookup table" time="0">
    </testcase>
  </testsuite>
</testsuites>