<?xml version="1.0" encoding="UTF-8"?>
<testsuites name="jest tests" tests="2" failures="0" time="3.133">
  <testsuite name="Check credit officer" errors="0" failures="0" skipped="0" timestamp="2020-09-23T06:03:00" time="1.051" tests="2">
    <testcase classname="Check credit officer should return false once the user is not in the lookup table" name="Check credit officer should return false once the user is not in the lookup table" time="0.004">
    </testcase>
    <testcase classname="Check credit officer should return false once the user is not in the lookup table" name="Check credit officer should return false once the user is not in the lookup table" time="0.001">
    </testcase>
  </testsuite>
</testsuites>