<?xml version="1.0" encoding="UTF-8"?>
<testsuites name="jest tests" tests="68" failures="0" time="5.718">
  <testsuite name="duka client Registration using (en-ke)" errors="0" failures="0" skipped="0" timestamp="2020-09-23T05:25:05" time="0.972" tests="4">
    <testcase classname="duka client Registration using (en-ke) should register all the registration input handlers --en-ke" name="duka client Registration using (en-ke) should register all the registration input handlers --en-ke" time="0.018">
    </testcase>
    <testcase classname="duka client Registration using (en-ke) should prompt the user for the account number on start --en-ke" name="duka client Registration using (en-ke) should prompt the user for the account number on start --en-ke" time="0.001">
    </testcase>
    <testcase classname="duka client Registration using (sw) should register all the registration input handlers --sw" name="duka client Registration using (sw) should register all the registration input handlers --sw" time="0.013">
    </testcase>
    <testcase classname="duka client Registration using (sw) should prompt the user for the account number on start --sw" name="duka client Registration using (sw) should prompt the user for the account number on start --sw" time="0.001">
    </testcase>
  </testsuite>
  <testsuite name="Farmer&apos; account number input handler" errors="0" failures="0" skipped="0" timestamp="2020-09-23T05:25:05" time="1.018" tests="14">
    <testcase classname="Farmer&apos; account number input handler should prompt for the client&apos;s national id when the the chooses 0 for registering a new client" name="Farmer&apos; account number input handler should prompt for the client&apos;s national id when the the chooses 0 for registering a new client" time="0.007">
    </testcase>
    <testcase classname="Farmer&apos; account number input handler should register the user to a duka district account once they already have an account number with OAF, and prompt them for an invoice id" name="Farmer&apos; account number input handler should register the user to a duka district account once they already have an account number with OAF, and prompt them for an invoice id" time="0.001">
    </testcase>
    <testcase classname="Farmer&apos; account number input handler should reprompt for the account number once the user is not successfully registered" name="Farmer&apos; account number input handler should reprompt for the account number once the user is not successfully registered" time="0.001">
    </testcase>
    <testcase classname="Farmer&apos; account number input handler should reprompt for an account number once the user is not found in roster" name="Farmer&apos; account number input handler should reprompt for an account number once the user is not found in roster" time="0.001">
    </testcase>
    <testcase classname="Farmer&apos; account number input handler should notify the user if the farmer&apos; account is a non duka client and prompt them to register or enter a new account" name="Farmer&apos; account number input handler should notify the user if the farmer&apos; account is a non duka client and prompt them to register or enter a new account" time="0.002">
    </testcase>
    <testcase classname="Farmer&apos; account number input handler should notify the user if the duka client&apos;s account number has outstanding credit" name="Farmer&apos; account number input handler should notify the user if the duka client&apos;s account number has outstanding credit" time="0.002">
    </testcase>
    <testcase classname="Farmer&apos; account number input handler should the user for invoice id if the duka client&apos;s account number has no outstanding credit" name="Farmer&apos; account number input handler should the user for invoice id if the duka client&apos;s account number has no outstanding credit" time="0.001">
    </testcase>
    <testcase classname="Farmer&apos; account number input handler should prompt for the client&apos;s national id when the the chooses 0 for registering a new client" name="Farmer&apos; account number input handler should prompt for the client&apos;s national id when the the chooses 0 for registering a new client" time="0.001">
    </testcase>
    <testcase classname="Farmer&apos; account number input handler should register the user to a duka district account once they already have an account number with OAF, and prompt them for an invoice id" name="Farmer&apos; account number input handler should register the user to a duka district account once they already have an account number with OAF, and prompt them for an invoice id" time="0.001">
    </testcase>
    <testcase classname="Farmer&apos; account number input handler should reprompt for the account number once the user is not successfully registered" name="Farmer&apos; account number input handler should reprompt for the account number once the user is not successfully registered" time="0.001">
    </testcase>
    <testcase classname="Farmer&apos; account number input handler should reprompt for an account number once the user is not found in roster" name="Farmer&apos; account number input handler should reprompt for an account number once the user is not found in roster" time="0.001">
    </testcase>
    <testcase classname="Farmer&apos; account number input handler should notify the user if the farmer&apos; account is a non duka client and prompt them to register or enter a new account" name="Farmer&apos; account number input handler should notify the user if the farmer&apos; account is a non duka client and prompt them to register or enter a new account" time="0.001">
    </testcase>
    <testcase classname="Farmer&apos; account number input handler should notify the user if the duka client&apos;s account number has outstanding credit" name="Farmer&apos; account number input handler should notify the user if the duka client&apos;s account number has outstanding credit" time="0.015">
    </testcase>
    <testcase classname="Farmer&apos; account number input handler should the user for invoice id if the duka client&apos;s account number has no outstanding credit" name="Farmer&apos; account number input handler should the user for invoice id if the duka client&apos;s account number has no outstanding credit" time="0.001">
    </testcase>
  </testsuite>
  <testsuite name="confirm first and second name using (en-ke)" errors="0" failures="0" skipped="0" timestamp="2020-09-23T05:25:07" time="0.345" tests="8">
    <testcase classname="confirm first and second name using (en-ke) should prompt for first name once the user chooses 2 --en-ke" name="confirm first and second name using (en-ke) should prompt for first name once the user chooses 2 --en-ke" time="0.004">
    </testcase>
    <testcase classname="confirm first and second name using (en-ke) should prompt for reprompt the user for the confirmation once the user chooses an invalid choice --en-ke" name="confirm first and second name using (en-ke) should prompt for reprompt the user for the confirmation once the user chooses an invalid choice --en-ke" time="0.001">
    </testcase>
    <testcase classname="confirm first and second name using (en-ke) should register the client and save their data into a dataTable once the user chooses 1 --en-ke" name="confirm first and second name using (en-ke) should register the client and save their data into a dataTable once the user chooses 1 --en-ke" time="0.001">
    </testcase>
    <testcase classname="confirm first and second name using (en-ke) should send an error once the registration fails --en-ke" name="confirm first and second name using (en-ke) should send an error once the registration fails --en-ke" time="0.001">
    </testcase>
    <testcase classname="confirm first and second name using (sw) should prompt for first name once the user chooses 2 --sw" name="confirm first and second name using (sw) should prompt for first name once the user chooses 2 --sw" time="0">
    </testcase>
    <testcase classname="confirm first and second name using (sw) should prompt for reprompt the user for the confirmation once the user chooses an invalid choice --sw" name="confirm first and second name using (sw) should prompt for reprompt the user for the confirmation once the user chooses an invalid choice --sw" time="0.001">
    </testcase>
    <testcase classname="confirm first and second name using (sw) should register the client and save their data into a dataTable once the user chooses 1 --sw" name="confirm first and second name using (sw) should register the client and save their data into a dataTable once the user chooses 1 --sw" time="0.001">
    </testcase>
    <testcase classname="confirm first and second name using (sw) should send an error once the registration fails --sw" name="confirm first and second name using (sw) should send an error once the registration fails --sw" time="0">
    </testcase>
  </testsuite>
  <testsuite name="first name input handler" errors="0" failures="0" skipped="0" timestamp="2020-09-23T05:25:07" time="0.336" tests="2">
    <testcase classname="first name input handler should prompt the user for first name once the phone number is valid" name="first name input handler should prompt the user for first name once the phone number is valid" time="0.004">
    </testcase>
    <testcase classname="first name input handler should prompt the user for first name once the phone number is valid" name="first name input handler should prompt the user for first name once the phone number is valid" time="0.001">
    </testcase>
  </testsuite>
  <testsuite name="confirm invoice input handler using (en-ke)" errors="0" failures="0" skipped="0" timestamp="2020-09-23T05:25:07" time="0.324" tests="8">
    <testcase classname="confirm invoice input handler using (en-ke) should reprompt for invoice confirmation when a user enters an invalid option --en-ke" name="confirm invoice input handler using (en-ke) should reprompt for invoice confirmation when a user enters an invalid option --en-ke" time="0.004">
    </testcase>
    <testcase classname="confirm invoice input handler using (en-ke) should reprompt for invoice id when the user chooses 2 --en-ke" name="confirm invoice input handler using (en-ke) should reprompt for invoice id when the user chooses 2 --en-ke" time="0.001">
    </testcase>
    <testcase classname="confirm invoice input handler using (en-ke) should prompt for enrollment confirmation once the user chooses 1 and is a new client --en-ke" name="confirm invoice input handler using (en-ke) should prompt for enrollment confirmation once the user chooses 1 and is a new client --en-ke" time="0">
    </testcase>
    <testcase classname="confirm invoice input handler using (en-ke) should save the user details once the user chooses 1 and is an existing client --en-ke" name="confirm invoice input handler using (en-ke) should save the user details once the user chooses 1 and is an existing client --en-ke" time="0.001">
    </testcase>
    <testcase classname="confirm invoice input handler using (sw) should reprompt for invoice confirmation when a user enters an invalid option --sw" name="confirm invoice input handler using (sw) should reprompt for invoice confirmation when a user enters an invalid option --sw" time="0">
    </testcase>
    <testcase classname="confirm invoice input handler using (sw) should reprompt for invoice id when the user chooses 2 --sw" name="confirm invoice input handler using (sw) should reprompt for invoice id when the user chooses 2 --sw" time="0.001">
    </testcase>
    <testcase classname="confirm invoice input handler using (sw) should prompt for enrollment confirmation once the user chooses 1 and is a new client --sw" name="confirm invoice input handler using (sw) should prompt for enrollment confirmation once the user chooses 1 and is a new client --sw" time="0">
    </testcase>
    <testcase classname="confirm invoice input handler using (sw) should save the user details once the user chooses 1 and is an existing client --sw" name="confirm invoice input handler using (sw) should save the user details once the user chooses 1 and is an existing client --sw" time="0.001">
    </testcase>
  </testsuite>
  <testsuite name="confirm phone number input handler using (en-ke)" errors="0" failures="0" skipped="0" timestamp="2020-09-23T05:25:07" time="0.319" tests="6">
    <testcase classname="confirm phone number input handler using (en-ke) should prompt for first name once the user chooses 1 --en-ke" name="confirm phone number input handler using (en-ke) should prompt for first name once the user chooses 1 --en-ke" time="0.006">
    </testcase>
    <testcase classname="confirm phone number input handler using (en-ke) should prompt for the phone number once the user chooses 2 --en-ke" name="confirm phone number input handler using (en-ke) should prompt for the phone number once the user chooses 2 --en-ke" time="0.001">
    </testcase>
    <testcase classname="confirm phone number input handler using (en-ke) should reprompt for the phone number confirmation once the user chooses otherwise --en-ke" name="confirm phone number input handler using (en-ke) should reprompt for the phone number confirmation once the user chooses otherwise --en-ke" time="0.002">
    </testcase>
    <testcase classname="confirm phone number input handler using (sw) should prompt for first name once the user chooses 1 --sw" name="confirm phone number input handler using (sw) should prompt for first name once the user chooses 1 --sw" time="0.001">
    </testcase>
    <testcase classname="confirm phone number input handler using (sw) should prompt for the phone number once the user chooses 2 --sw" name="confirm phone number input handler using (sw) should prompt for the phone number once the user chooses 2 --sw" time="0">
    </testcase>
    <testcase classname="confirm phone number input handler using (sw) should reprompt for the phone number confirmation once the user chooses otherwise --sw" name="confirm phone number input handler using (sw) should reprompt for the phone number confirmation once the user chooses otherwise --sw" time="0.001">
    </testcase>
  </testsuite>
  <testsuite name="confirm national id input handler using (en-ke)" errors="0" failures="0" skipped="0" timestamp="2020-09-23T05:25:07" time="0.333" tests="6">
    <testcase classname="confirm national id input handler using (en-ke) should prompt for phone number once the user chooses 1 --en-ke" name="confirm national id input handler using (en-ke) should prompt for phone number once the user chooses 1 --en-ke" time="0.005">
    </testcase>
    <testcase classname="confirm national id input handler using (en-ke) should reprompt for the national id if the user selects 2" name="confirm national id input handler using (en-ke) should reprompt for the national id if the user selects 2" time="0.001">
    </testcase>
    <testcase classname="confirm national id input handler using (en-ke) should reprompt for the national id confirmation if the user selects an invalid option" name="confirm national id input handler using (en-ke) should reprompt for the national id confirmation if the user selects an invalid option" time="0.001">
    </testcase>
    <testcase classname="confirm national id input handler using (sw) should prompt for phone number once the user chooses 1 --sw" name="confirm national id input handler using (sw) should prompt for phone number once the user chooses 1 --sw" time="0.001">
    </testcase>
    <testcase classname="confirm national id input handler using (sw) should reprompt for the national id if the user selects 2" name="confirm national id input handler using (sw) should reprompt for the national id if the user selects 2" time="0.001">
    </testcase>
    <testcase classname="confirm national id input handler using (sw) should reprompt for the national id confirmation if the user selects an invalid option" name="confirm national id input handler using (sw) should reprompt for the national id confirmation if the user selects an invalid option" time="0">
    </testcase>
  </testsuite>
  <testsuite name="duka client entry using (en-ke)" errors="0" failures="0" skipped="0" timestamp="2020-09-23T05:25:08" time="0.347" tests="4">
    <testcase classname="duka client entry using (en-ke) start the application" name="duka client entry using (en-ke) start the application" time="0.006">
    </testcase>
    <testcase classname="duka client entry using (en-ke) should register all input handlers" name="duka client entry using (en-ke) should register all input handlers" time="0.002">
    </testcase>
    <testcase classname="duka client entry using (sw) start the application" name="duka client entry using (sw) start the application" time="0.001">
    </testcase>
    <testcase classname="duka client entry using (sw) should register all input handlers" name="duka client entry using (sw) should register all input handlers" time="0.001">
    </testcase>
  </testsuite>
  <testsuite name="national id input handler" errors="0" failures="0" skipped="0" timestamp="2020-09-23T05:25:08" time="0.414" tests="6">
    <testcase classname="national id input handler should prompt the user for comfirmation once the national id is valid.(8 or 7 digits) using (12345678)" name="national id input handler should prompt the user for comfirmation once the national id is valid.(8 or 7 digits) using (12345678)" time="0.007">
    </testcase>
    <testcase classname="national id input handler should prompt the user for comfirmation once the national id is valid.(8 or 7 digits) using (1234567)" name="national id input handler should prompt the user for comfirmation once the national id is valid.(8 or 7 digits) using (1234567)" time="0.002">
    </testcase>
    <testcase classname="national id input handler should reprompt the user for the national id once the id is invalid" name="national id input handler should reprompt the user for the national id once the id is invalid" time="0.004">
    </testcase>
    <testcase classname="national id input handler should prompt the user for comfirmation once the national id is valid.(8 or 7 digits) using (12345678)" name="national id input handler should prompt the user for comfirmation once the national id is valid.(8 or 7 digits) using (12345678)" time="0.002">
    </testcase>
    <testcase classname="national id input handler should prompt the user for comfirmation once the national id is valid.(8 or 7 digits) using (1234567)" name="national id input handler should prompt the user for comfirmation once the national id is valid.(8 or 7 digits) using (1234567)" time="0.002">
    </testcase>
    <testcase classname="national id input handler should reprompt the user for the national id once the id is invalid" name="national id input handler should reprompt the user for the national id once the id is invalid" time="0">
    </testcase>
  </testsuite>
  <testsuite name="main menu input handler" errors="0" failures="0" skipped="0" timestamp="2020-09-23T05:25:08" time="0.3" tests="2">
    <testcase classname="main menu input handler should reprompt for choosing a service once the user chooses a wrong option" name="main menu input handler should reprompt for choosing a service once the user chooses a wrong option" time="0.006">
    </testcase>
    <testcase classname="main menu input handler should start the registration once the user chooses 1" name="main menu input handler should start the registration once the user chooses 1" time="0.001">
    </testcase>
  </testsuite>
  <testsuite name="phone number input handler" errors="0" failures="0" skipped="0" timestamp="2020-09-23T05:25:08" time="0.295" tests="4">
    <testcase classname="phone number input handler should prompt the user for first name once the phone number is valid" name="phone number input handler should prompt the user for first name once the phone number is valid" time="0.004">
    </testcase>
    <testcase classname="phone number input handler should reprompt the user for the phone number once the phone is invalid" name="phone number input handler should reprompt the user for the phone number once the phone is invalid" time="0.002">
    </testcase>
    <testcase classname="phone number input handler should prompt the user for first name once the phone number is valid" name="phone number input handler should prompt the user for first name once the phone number is valid" time="0">
    </testcase>
    <testcase classname="phone number input handler should reprompt the user for the phone number once the phone is invalid" name="phone number input handler should reprompt the user for the phone number once the phone is invalid" time="0">
    </testcase>
  </testsuite>
  <testsuite name="invoice id input handaler" errors="0" failures="0" skipped="0" timestamp="2020-09-23T05:25:09" time="0.267" tests="2">
    <testcase classname="invoice id input handaler should prompt the user for invoice id confirmation once the user adds the invoice id" name="invoice id input handaler should prompt the user for invoice id confirmation once the user adds the invoice id" time="0.006">
    </testcase>
    <testcase classname="invoice id input handaler should prompt the user for invoice id confirmation once the user adds the invoice id" name="invoice id input handaler should prompt the user for invoice id confirmation once the user adds the invoice id" time="0.002">
    </testcase>
  </testsuite>
  <testsuite name="first name input handler" errors="0" failures="0" skipped="0" timestamp="2020-09-23T05:25:09" time="0.243" tests="2">
    <testcase classname="first name input handler should prompt the user for first name once the phone number is valid" name="first name input handler should prompt the user for first name once the phone number is valid" time="0.004">
    </testcase>
    <testcase classname="first name input handler should prompt the user for first name once the phone number is valid" name="first name input handler should prompt the user for first name once the phone number is valid" time="0.012">
    </testcase>
  </testsuite>
</testsuites>