<?xml version="1.0" encoding="UTF-8"?>
<testsuites name="jest tests" tests="1" failures="0" time="2.082">
  <testsuite name="registering response handlers" errors="0" failures="0" skipped="0" timestamp="2020-09-08T11:05:02" time="0.978" tests="1">
    <testcase classname="registering response handlers should match all response handlers to their response handler names" name="registering response handlers should match all response handlers to their response handler names" time="0.011">
    </testcase>
  </testsuite>
</testsuites>