<?xml version="1.0" encoding="UTF-8"?>
<testsuites name="jest tests" tests="10" failures="0" time="2.952">
  <testsuite name="duka client Registration using (en-ke)" errors="0" failures="0" skipped="0" timestamp="2020-09-18T07:24:25" time="0.841" tests="4">
    <testcase classname="duka client Registration using (en-ke) should register all the registration input handlers --en-ke" name="duka client Registration using (en-ke) should register all the registration input handlers --en-ke" time="0.007">
    </testcase>
    <testcase classname="duka client Registration using (en-ke) should prompt the user for the account number on start --en-ke" name="duka client Registration using (en-ke) should prompt the user for the account number on start --en-ke" time="0.001">
    </testcase>
    <testcase classname="duka client Registration using (sw) should register all the registration input handlers --sw" name="duka client Registration using (sw) should register all the registration input handlers --sw" time="0.001">
    </testcase>
    <testcase classname="duka client Registration using (sw) should prompt the user for the account number on start --sw" name="duka client Registration using (sw) should prompt the user for the account number on start --sw" time="0">
    </testcase>
  </testsuite>
  <testsuite name="Farmer&apos; account number input handler" errors="0" failures="0" skipped="0" timestamp="2020-09-18T07:24:25" time="0.9" tests="6">
    <testcase classname="Farmer&apos; account number input handler should prompt for the client&apos;s national id when the the chooses 0 for registering a new client" name="Farmer&apos; account number input handler should prompt for the client&apos;s national id when the the chooses 0 for registering a new client" time="0.007">
    </testcase>
    <testcase classname="Farmer&apos; account number input handler should register the user to a duka district account once they already have an account number with OAF, and prompt them for an invoice id" name="Farmer&apos; account number input handler should register the user to a duka district account once they already have an account number with OAF, and prompt them for an invoice id" time="0.017">
    </testcase>
    <testcase classname="Farmer&apos; account number input handler should reprompt for an account number once the user is not found in roster" name="Farmer&apos; account number input handler should reprompt for an account number once the user is not found in roster" time="0.002">
    </testcase>
    <testcase classname="Farmer&apos; account number input handler should notify the user if the farmer&apos; account is a non duka client and prompt them to register or enter a new account" name="Farmer&apos; account number input handler should notify the user if the farmer&apos; account is a non duka client and prompt them to register or enter a new account" time="0.002">
    </testcase>
    <testcase classname="Farmer&apos; account number input handler should notify the user if the duka client&apos;s account number has outstanding credit" name="Farmer&apos; account number input handler should notify the user if the duka client&apos;s account number has outstanding credit" time="0.005">
    </testcase>
    <testcase classname="Farmer&apos; account number input handler should the user for invoice id if the duka client&apos;s account number has no outstanding credit" name="Farmer&apos; account number input handler should the user for invoice id if the duka client&apos;s account number has no outstanding credit" time="0.002">
    </testcase>
  </testsuite>
</testsuites>