<?xml version="1.0" encoding="UTF-8"?>
<testsuites name="jest tests" tests="4" failures="0" time="3.181">
  <testsuite name="duka client entry using (en-ke)" errors="0" failures="0" skipped="0" timestamp="2020-09-17T10:21:49" time="1.111" tests="4">
    <testcase classname="duka client entry using (en-ke) start the application" name="duka client entry using (en-ke) start the application" time="0.004">
    </testcase>
    <testcase classname="duka client entry using (en-ke) should register all input handlers" name="duka client entry using (en-ke) should register all input handlers" time="0.001">
    </testcase>
    <testcase classname="duka client entry using (sw) start the application" name="duka client entry using (sw) start the application" time="0.001">
    </testcase>
    <testcase classname="duka client entry using (sw) should register all input handlers" name="duka client entry using (sw) should register all input handlers" time="0">
    </testcase>
  </testsuite>
</testsuites>